TN:
SF:src/app.ts
FN:13,(anonymous_7)
FNF:1
FNH:1
FNDA:1,(anonymous_7)
DA:1,2
DA:2,2
DA:3,2
DA:5,2
DA:6,2
DA:8,2
DA:10,2
DA:11,2
DA:13,2
DA:14,2
DA:15,2
DA:17,2
LF:12
LH:12
BRF:0
BRH:0
end_of_record
TN:
SF:src/controllers/rentals-controller.ts
FN:8,getRentals
FN:13,getRentalById
FN:26,createRental
FN:46,finishRental
FNF:4
FNH:4
FNDA:1,getRentals
FNDA:3,getRentalById
FNDA:6,createRental
FNDA:2,finishRental
DA:2,2
DA:4,2
DA:5,2
DA:8,2
DA:9,1
DA:10,1
DA:13,2
DA:14,3
DA:15,3
DA:17,2
DA:18,2
DA:19,1
DA:21,1
DA:22,1
DA:26,2
DA:27,6
DA:28,6
DA:29,6
DA:30,1
DA:32,5
DA:33,1
DA:35,4
DA:36,1
DA:38,3
DA:39,1
DA:42,2
DA:46,2
DA:47,2
DA:48,2
DA:49,2
DA:50,1
DA:52,1
LF:32
LH:32
BRDA:15,0,0,1
BRDA:32,1,0,1
BRDA:35,2,0,1
BRDA:38,3,0,1
BRF:4
BRH:4
end_of_record
TN:
SF:src/database/index.ts
FNF:0
FNH:0
DA:1,3
DA:2,3
DA:4,3
LF:3
LH:3
BRF:0
BRH:0
end_of_record
TN:
SF:src/errors/insufficientage-error.ts
FN:3,insufficientAgeError
FNF:1
FNH:1
FNDA:2,insufficientAgeError
DA:3,3
DA:4,2
DA:5,2
LF:3
LH:3
BRDA:4,0,0,2
BRDA:4,0,1,0
BRF:2
BRH:1
end_of_record
TN:
SF:src/errors/movie-inretal-error.ts
FN:3,movieAlreadyInRental
FNF:1
FNH:1
FNDA:2,movieAlreadyInRental
DA:3,3
DA:4,2
DA:5,2
LF:3
LH:3
BRDA:4,0,0,2
BRDA:4,0,1,0
BRF:2
BRH:1
end_of_record
TN:
SF:src/errors/notfound-error.ts
FN:3,notFoundError
FNF:1
FNH:1
FNDA:9,notFoundError
DA:3,3
DA:4,9
DA:5,9
LF:3
LH:3
BRDA:4,0,0,9
BRDA:4,0,1,0
BRF:2
BRH:1
end_of_record
TN:
SF:src/errors/pendent-rental-error.ts
FN:3,pendentRentalError
FNF:1
FNH:1
FNDA:2,pendentRentalError
DA:3,3
DA:4,2
DA:5,2
LF:3
LH:3
BRDA:4,0,0,2
BRDA:4,0,1,0
BRF:2
BRH:1
end_of_record
TN:
SF:src/middlewares/error-handler.ts
FN:9,handleApplicationErrors
FNF:1
FNH:1
FNDA:3,handleApplicationErrors
DA:2,2
DA:9,2
DA:10,3
DA:12,3
DA:13,0
DA:18,3
DA:19,0
DA:24,3
DA:25,3
DA:31,0
DA:32,0
LF:11
LH:7
BRDA:12,0,0,0
BRDA:18,1,0,0
BRDA:24,2,0,3
BRF:3
BRH:1
end_of_record
TN:
SF:src/middlewares/schema-validator.ts
FN:5,validateSchemaMiddleware
FN:6,(anonymous_2)
FNF:2
FNH:2
FNDA:4,validateSchemaMiddleware
FNDA:10,(anonymous_2)
DA:2,2
DA:5,2
DA:6,4
DA:7,10
DA:8,10
DA:9,2
DA:12,8
LF:7
LH:7
BRDA:8,0,0,2
BRF:1
BRH:1
end_of_record
TN:
SF:src/repositories/movies-repository.ts
FN:3,getById
FNF:1
FNH:1
FNDA:4,getById
DA:1,3
DA:4,4
DA:9,3
LF:3
LH:3
BRF:0
BRH:0
end_of_record
TN:
SF:src/repositories/rentals-repository.ts
FN:5,getRentals
FN:9,getRentalById
FN:18,getRentalsByUserId
FN:29,createRental
FN:43,finishRental
FN:53,connectMoviesToRental
FN:63,disconnectMoviesFromRental
FNF:7
FNH:7
FNDA:1,getRentals
FNDA:5,getRentalById
FNDA:5,getRentalsByUserId
FNDA:1,createRental
FNDA:1,finishRental
FNDA:1,connectMoviesToRental
FNDA:1,disconnectMoviesFromRental
DA:1,3
DA:3,3
DA:6,1
DA:10,5
DA:19,5
DA:30,1
DA:37,1
DA:38,1
DA:44,1
DA:45,1
DA:54,1
DA:55,1
DA:56,1
DA:64,1
DA:65,1
DA:66,1
DA:67,2
DA:68,2
DA:75,3
LF:19
LH:19
BRDA:9,0,0,4
BRDA:18,1,0,0
BRF:2
BRH:1
end_of_record
TN:
SF:src/repositories/users-repository.ts
FN:3,getById
FNF:1
FNH:1
FNDA:6,getById
DA:1,3
DA:4,6
DA:10,3
LF:3
LH:3
BRF:0
BRH:0
end_of_record
TN:
SF:src/routers/rentals-router.ts
FNF:0
FNH:0
DA:1,2
DA:3,2
DA:4,2
DA:5,2
DA:7,2
DA:9,2
DA:10,2
DA:11,2
DA:12,2
DA:14,2
LF:10
LH:10
BRF:0
BRH:0
end_of_record
TN:
SF:src/schemas/rental-schema.ts
FNF:0
FNH:0
DA:1,2
DA:2,2
DA:5,2
DA:7,2
DA:13,2
LF:5
LH:5
BRF:0
BRH:0
end_of_record
TN:
SF:src/services/rentals-service.ts
FN:19,getRentals
FN:24,getRentalById
FN:31,createRental
FN:42,finishRental
FN:49,getUserForRental
FN:56,checkUserAbleToRental
FN:61,checkMoviesValidForRental
FN:77,userIsUnderAge
FNF:8
FNH:8
FNDA:2,getRentals
FNDA:4,getRentalById
FNDA:12,createRental
FNDA:4,finishRental
FNDA:12,getUserForRental
FNDA:10,checkUserAbleToRental
FNDA:8,checkMoviesValidForRental
FNDA:3,userIsUnderAge
DA:3,3
DA:5,3
DA:6,3
DA:7,3
DA:8,3
DA:9,3
DA:10,3
DA:12,3
DA:20,2
DA:21,2
DA:25,4
DA:26,4
DA:28,2
DA:32,12
DA:34,12
DA:35,10
DA:36,8
DA:38,2
DA:39,2
DA:43,4
DA:44,4
DA:46,2
DA:50,12
DA:51,12
DA:53,10
DA:57,10
DA:58,10
DA:62,8
DA:63,8
DA:64,8
DA:66,8
DA:67,6
DA:68,2
DA:71,4
DA:72,2
DA:78,3
DA:79,3
DA:82,3
LF:38
LH:38
BRDA:26,0,0,2
BRDA:44,1,0,2
BRDA:51,2,0,2
BRDA:58,3,0,2
BRDA:66,4,0,2
BRDA:67,5,0,2
BRDA:71,6,0,2
BRDA:71,7,0,4
BRDA:71,7,1,3
BRF:9
BRH:9
end_of_record
TN:
SF:src/utils/id-validator.ts
FN:1,isValid
FNF:1
FNH:1
FNDA:3,isValid
DA:1,2
DA:2,3
LF:2
LH:2
BRDA:2,0,0,3
BRDA:2,0,1,2
BRF:2
BRH:2
end_of_record
TN:
SF:tests/factories/movie-factory.ts
FN:7,buildMovie
FN:12,buildMovieInput
FNF:2
FNH:2
FNDA:10,buildMovie
FNDA:14,buildMovieInput
DA:1,2
DA:3,2
DA:7,2
DA:8,10
DA:9,10
DA:12,2
DA:13,14
LF:7
LH:7
BRDA:7,0,0,8
BRF:1
BRH:1
end_of_record
TN:
SF:tests/factories/rental-factory.ts
FN:6,buildRental
FN:11,buildRentalInput
FN:18,buildRentalReturn
FN:29,rentMovie
FNF:4
FNH:4
FNDA:5,buildRental
FNDA:5,buildRentalInput
FNDA:2,buildRentalReturn
FNDA:6,rentMovie
DA:1,2
DA:3,2
DA:4,2
DA:6,2
DA:7,5
DA:8,5
DA:11,2
DA:12,5
DA:18,2
DA:19,2
DA:20,2
DA:29,2
DA:30,6
LF:13
LH:13
BRDA:18,0,0,0
BRF:1
BRH:0
end_of_record
TN:
SF:tests/factories/user-factory.ts
FN:7,buildUser
FN:12,buildUserInput
FN:22,generateBirthdate
FNF:3
FNH:3
FNDA:9,buildUser
FNDA:14,buildUserInput
FNDA:14,generateBirthdate
DA:1,2
DA:3,2
DA:7,2
DA:8,9
DA:9,9
DA:12,2
DA:13,14
DA:23,14
LF:8
LH:8
BRDA:7,0,0,8
BRDA:23,1,0,12
BRDA:23,1,1,2
BRF:3
BRH:3
end_of_record
TN:
SF:tests/utils/index.ts
FN:3,cleanDb
FNF:1
FNH:1
FNDA:14,cleanDb
DA:1,1
DA:3,1
DA:4,14
DA:5,14
DA:6,14
LF:5
LH:5
BRF:0
BRH:0
end_of_record
